<?xml version="1.0" encoding="UTF-8"?>
<!-- Generated by org.testng.reporters.JUnitReportReporter -->
<testsuite hostname="DESKTOP-1V7FUM5" failures="0" tests="6" name="testcases.ShoppingCart" time="190.784" errors="0" timestamp="2021-07-17T13:52:23 EDT" skipped="0">
  <testcase classname="testcases.ShoppingCart" name="TC95_Remove_Multiple_Item_From_SC" time="33.488"/>
  <system-out/>
  <testcase classname="testcases.ShoppingCart" name="TC92_Increase_Same_Item_Quantity" time="26.348"/>
  <system-out/>
  <testcase classname="testcases.ShoppingCart" name="TC91_ADD_One_item_in_SC" time="28.942"/>
  <system-out/>
  <testcase classname="testcases.ShoppingCart" name="TC94_Remove_one_Item_From_SC" time="30.544"/>
  <system-out/>
  <testcase classname="testcases.ShoppingCart" name="TC96_Click_Item_In_SC" time="41.181"/>
  <system-out/>
  <testcase classname="testcases.ShoppingCart" name="TC93_ADD_Multiple_Item_in_SC" time="30.281"/>
  <system-out/>
</testsuite> <!-- testcases.ShoppingCart -->
